<?xml version="1.0" encoding="utf-8"?><testsuites name="pytest tests"><testsuite name="pytest" errors="0" failures="0" skipped="0" tests="52" time="3.330" timestamp="2026-05-13T01:13:10.133749+03:00" hostname="DESKTOP-7NLRRKJ"><testcase classname="tests.test_security.TestSQLInjection" name="test_create_user_sql_injection_in_telegram_id[' OR '1'='1]" time="0.055" /><testcase classname="tests.test_security.TestSQLInjection" name="test_create_user_sql_injection_in_telegram_id['; DROP TABLE users; --]" time="0.013" /><testcase classname="tests.test_security.TestSQLInjection" name="test_create_user_sql_injection_in_telegram_id[' UNION SELECT * FROM users --]" time="0.013" /><testcase classname="tests.test_security.TestSQLInjection" name="test_create_user_sql_injection_in_telegram_id[1; SELECT pg_sleep(5) --]" time="0.032" /><testcase classname="tests.test_security.TestSQLInjection" name="test_create_user_sql_injection_in_telegram_id[\\x27 OR 1=1 --]" time="0.015" /><testcase classname="tests.test_security.TestSQLInjection" name="test_create_user_sql_injection_in_telegram_id[&lt;script&gt;alert(1)&lt;/script&gt;]" time="0.013" /><testcase classname="tests.test_security.TestSQLInjection" name="test_create_user_sql_injection_in_telegram_id[&quot; OR &quot;&quot;=&quot;]" time="0.013" /><testcase classname="tests.test_security.TestSQLInjection" name="test_get_user_sql_injection_in_path[' OR '1'='1]" time="0.010" /><testcase classname="tests.test_security.TestSQLInjection" name="test_get_user_sql_injection_in_path['; DROP TABLE users; --]" time="0.008" /><testcase classname="tests.test_security.TestSQLInjection" name="test_get_user_sql_injection_in_path[' UNION SELECT * FROM users --]" time="0.010" /><testcase classname="tests.test_security.TestSQLInjection" name="test_get_user_sql_injection_in_path[1; SELECT pg_sleep(5) --]" time="0.008" /><testcase classname="tests.test_security.TestSQLInjection" name="test_get_user_sql_injection_in_path[\\x27 OR 1=1 --]" time="0.009" /><testcase classname="tests.test_security.TestSQLInjection" name="test_get_user_sql_injection_in_path[&lt;script&gt;alert(1)&lt;/script&gt;]" time="0.029" /><testcase classname="tests.test_security.TestSQLInjection" name="test_get_user_sql_injection_in_path[&quot; OR &quot;&quot;=&quot;]" time="0.008" /><testcase classname="tests.test_security.TestSQLInjection" name="test_answer_sql_injection_in_text[' OR '1'='1]" time="0.069" /><testcase classname="tests.test_security.TestSQLInjection" name="test_answer_sql_injection_in_text['; DROP TABLE users; --]" time="0.036" /><testcase classname="tests.test_security.TestSQLInjection" name="test_answer_sql_injection_in_text[' UNION SELECT * FROM users --]" time="0.036" /><testcase classname="tests.test_security.TestSQLInjection" name="test_answer_sql_injection_in_text[1; SELECT pg_sleep(5) --]" time="0.040" /><testcase classname="tests.test_security.TestSQLInjection" name="test_answer_sql_injection_in_text[\\x27 OR 1=1 --]" time="0.042" /><testcase classname="tests.test_security.TestSQLInjection" name="test_answer_sql_injection_in_text[&lt;script&gt;alert(1)&lt;/script&gt;]" time="0.043" /><testcase classname="tests.test_security.TestSQLInjection" name="test_answer_sql_injection_in_text[&quot; OR &quot;&quot;=&quot;]" time="0.039" /><testcase classname="tests.test_security.TestHorizontalPrivilege" name="test_unauthenticated_request_returns_401" time="0.028" /><testcase classname="tests.test_security.TestHorizontalPrivilege" name="test_user_a_cannot_get_user_b_question" time="0.035" /><testcase classname="tests.test_security.TestHorizontalPrivilege" name="test_user_a_cannot_answer_user_b_interview" time="0.043" /><testcase classname="tests.test_security.TestHorizontalPrivilege" name="test_user_a_cannot_get_user_b_result" time="0.075" /><testcase classname="tests.test_security.TestHorizontalPrivilege" name="test_user_a_cannot_get_user_b_question_v2" time="0.037" /><testcase classname="tests.test_security.TestHorizontalPrivilege" name="test_user_a_cannot_answer_v2_user_b_interview" time="0.032" /><testcase classname="tests.test_security.TestHorizontalPrivilege" name="test_user_cannot_start_interview_for_another_user" time="0.022" /><testcase classname="tests.test_security.TestHorizontalPrivilege" name="test_user_cannot_read_other_users_profile" time="0.021" /><testcase classname="tests.test_regression" name="test_duplicate_telegram_id_returns_same_user" time="0.016" /><testcase classname="tests.test_regression" name="test_double_answer_returns_409_not_500" time="0.046" /><testcase classname="tests.test_regression" name="test_result_with_no_answers_is_empty_list" time="0.031" /><testcase classname="tests.test_regression" name="test_unknown_interview_is_404_on_all_endpoints" time="0.026" /><testcase classname="tests.test_auth" name="test_register_returns_token_and_user" time="0.240" /><testcase classname="tests.test_auth" name="test_register_duplicate_email_returns_409" time="0.241" /><testcase classname="tests.test_auth" name="test_register_invalid_email_returns_422" time="0.009" /><testcase classname="tests.test_auth" name="test_register_short_password_returns_422" time="0.010" /><testcase classname="tests.test_auth" name="test_register_missing_name_returns_422" time="0.010" /><testcase classname="tests.test_auth" name="test_register_empty_name_returns_422" time="0.009" /><testcase classname="tests.test_auth" name="test_login_success" time="0.475" /><testcase classname="tests.test_auth" name="test_login_wrong_password_returns_401" time="0.451" /><testcase classname="tests.test_auth" name="test_login_wrong_email_returns_401" time="0.242" /><testcase classname="tests.test_auth" name="test_login_unregistered_user_returns_401" time="0.011" /><testcase classname="tests.test_auth" name="test_me_with_valid_token" time="0.237" /><testcase classname="tests.test_auth" name="test_me_without_token_returns_401" time="0.008" /><testcase classname="tests.test_auth" name="test_me_with_invalid_token_returns_401" time="0.009" /><testcase classname="tests.test_auth" name="test_me_with_malformed_header_returns_401" time="0.009" /><testcase classname="tests.test_auth" name="test_me_returns_same_data_as_register" time="0.234" /><testcase classname="tests.test_auth" name="test_telegram_auth_creates_user" time="0.014" /><testcase classname="tests.test_auth" name="test_telegram_auth_is_idempotent" time="0.035" /><testcase classname="tests.test_auth" name="test_telegram_auth_without_name" time="0.016" /><testcase classname="tests.test_auth" name="test_telegram_auth_token_works_for_me" time="0.025" /></testsuite></testsuites>